#
# A fatal error has been detected by the Java Runtime Environment:
#
#  EXCEPTION_ACCESS_VIOLATION (0xc0000005) at pc=0x00007ffc8eeeea13, pid=27780, tid=11912
#
# JRE version: OpenJDK Runtime Environment (Red_Hat-21.0.4.0+7-1) (21.0.4+7) (build 21.0.4+7-LTS)
# Java VM: OpenJDK 64-Bit Server VM (Red_Hat-21.0.4.0+7-1) (21.0.4+7-LTS, mixed mode, sharing, tiered, compressed oops, compressed class ptrs, g1 gc, windows-amd64)
# Problematic frame:
# V  [jvm.dll+0x24ea13]
#
# No core dump will be written. Minidumps are not enabled by default on client versions of Windows
#
# If you would like to submit a bug report, please visit:
#   https://bugzilla.redhat.com/enter_bug.cgi
#

---------------  S U M M A R Y ------------

Command Line: -javaagent:D:\Desenvolvimento\IntelliJ IDEA Community Edition 2024.2\lib\idea_rt.jar=64424:D:\Desenvolvimento\IntelliJ IDEA Community Edition 2024.2\bin -Dfile.encoding=UTF-8 -Dsun.stdout.encoding=UTF-8 -Dsun.stderr.encoding=UTF-8 com.eazybytes.loans.LoansApplication

Host: Intel(R) Core(TM) i9-14900K, 32 cores, 63G,  Windows 10 , 64 bit Build 19041 (10.0.19041.4717)
Time: Sat Aug 10 19:15:05 2024 Hora oficial do Brasil elapsed time: 3.589428 seconds (0d 0h 0m 3s)

---------------  T H R E A D  ---------------

Current thread (0x0000022aadd1d9b0):  JavaThread "C2 CompilerThread0" daemon [_thread_in_native, id=11912, stack(0x000000c5e8f00000,0x000000c5e9000000) (1024K)]


Current CompileTask:
C2:   3589 3094       4       java.lang.invoke.MethodType::makeImpl (109 bytes)

Stack: [0x000000c5e8f00000,0x000000c5e9000000],  sp=0x000000c5e8ffcfc0,  free space=1011k
Native frames: (J=compiled Java code, j=interpreted, Vv=VM code, C=native code)
V  [jvm.dll+0x24ea13]
V  [jvm.dll+0x65b732]
V  [jvm.dll+0x65a56f]
V  [jvm.dll+0x246f95]
V  [jvm.dll+0x2466ef]
V  [jvm.dll+0x1c6f7e]
V  [jvm.dll+0x255e7a]
V  [jvm.dll+0x25441a]
V  [jvm.dll+0x3eeef6]
V  [jvm.dll+0x84f17b]
V  [jvm.dll+0x6ca3fd]
C  [ucrtbase.dll+0x21bb2]
C  [KERNEL32.DLL+0x17374]
C  [ntdll.dll+0x4cc91]


siginfo: EXCEPTION_ACCESS_VIOLATION (0xc0000005), reading address 0x0000026b0d532930


Registers:
RAX=0x0000022b0d539c10, RBX=0x000000c5e8ffd030, RCX=0x000000003c7efbbf, RDX=0x0000022b0c9480bc
RSP=0x000000c5e8ffcfc0, RBP=0x000000c5e8ffd080, RSI=0x0000000000000003, RDI=0x0000026b0d532930
R8 =0x0000000008000000, R9 =0x0000000000000100, R10=0x00007ffccbb60000, R11=0x00007ffccbb61b57
R12=0x0000000000000007, R13=0x0000022b0d539bb0, R14=0x0000000000000008, R15=0x000000000000001b
RIP=0x00007ffc8eeeea13, EFLAGS=0x0000000000010246


Register to memory mapping:

RAX=0x0000022b0d539c10 points into unknown readable memory: 0x0000022b0d539c50 | 50 9c 53 0d 2b 02 00 00
RBX=0x000000c5e8ffd030 is pointing into the stack for thread: 0x0000022aadd1d9b0
RCX=0x000000003c7efbbf is an unknown value
RDX=0x0000022b0c9480bc points into unknown readable memory: bf fb 7e 3c
RSP=0x000000c5e8ffcfc0 is pointing into the stack for thread: 0x0000022aadd1d9b0
RBP=0x000000c5e8ffd080 is pointing into the stack for thread: 0x0000022aadd1d9b0
RSI=0x0000000000000003 is an unknown value
RDI=0x0000026b0d532930 is an unknown value
R8 =0x0000000008000000 is an unknown value
R9 =0x0000000000000100 is an unknown value
R10=0x00007ffccbb60000 VCRUNTIME140.dll
R11=0x00007ffccbb61b57 VCRUNTIME140.dll
R12=0x0000000000000007 is an unknown value
R13=0x0000022b0d539bb0 points into unknown readable memory: 0x00007ffc8f617eb8 | b8 7e 61 8f fc 7f 00 00
R14=0x0000000000000008 is an unknown value
R15=0x000000000000001b is an unknown value

Top of Stack: (sp=0x000000c5e8ffcfc0)
0x000000c5e8ffcfc0:   000000c5e8ffd030 000000c5e8ffd080
0x000000c5e8ffcfd0:   000000c5e8ffe820 00000000000011d6
0x000000c5e8ffcfe0:   000000c5e8ffd4b0 0000022aadd0a3f0
0x000000c5e8ffcff0:   0000022ac57349d8 00000000000f49b8
0x000000c5e8ffd000:   0000000000000000 00007ffc8f2fb732
0x000000c5e8ffd010:   00000000000003a4 000000c5e8ffd080
0x000000c5e8ffd020:   0000022ac572c9f0 0000022ac572f908
0x000000c5e8ffd030:   0000022aadd0a3f0 0000022b00002000
0x000000c5e8ffd040:   0000022b0e7e4730 0000022a00000593
0x000000c5e8ffd050:   0000022a00000100 0000022b0c9480b0
0x000000c5e8ffd060:   0000022a00000100 0000022aadd0a3f0
0x000000c5e8ffd070:   00007ffc00000000 00007ffc8eee6c62
0x000000c5e8ffd080:   000000c5e8ffead0 0000022ac58a6720
0x000000c5e8ffd090:   0000022b0d532978 0000022aadcfcab8
0x000000c5e8ffd0a0:   0000022b0d532978 0000022ac58ac0b0
0x000000c5e8ffd0b0:   000000c5e8ffd149 00007ffc8f2fa56f
0x000000c5e8ffd0c0:   0000022ac572f908 0000022ac57349d8
0x000000c5e8ffd0d0:   00000000000f49b8 000000c5e8ffd4b0
0x000000c5e8ffd0e0:   0000022ac58ac0b0 000000c5e8ffead0
0x000000c5e8ffd0f0:   0000000000100000 0000000000000000
0x000000c5e8ffd100:   0000000000000000 0000000000000000
0x000000c5e8ffd110:   0000000000000000 00007ffc8f70c3f0
0x000000c5e8ffd120:   0000000000000000 0000000000000000
0x000000c5e8ffd130:   0000000000000000 00007ffc8f70c3f0
0x000000c5e8ffd140:   0000000000000000 0000000000000000
0x000000c5e8ffd150:   000000c5e8ffd558 0000000000000007
0x000000c5e8ffd160:   0000000000000000 0000000000000000
0x000000c5e8ffd170:   00009f7d64995af4 00007ffc8f2f428e
0x000000c5e8ffd180:   0000000000000000 0000000080000000
0x000000c5e8ffd190:   0000022aadce4860 0000000000000070
0x000000c5e8ffd1a0:   000000c5e8ffd2b0 00007ffc8eee6f95
0x000000c5e8ffd1b0:   000000c5e8ffe820 000000c5e8ffe820 

Instructions: (pc=0x00007ffc8eeeea13)
0x00007ffc8eeee913:   ff 41 8b c6 48 f7 d8 4d 8d 3c c7 4c 3b fe 0f 83
0x00007ffc8eeee923:   19 fe ff ff 4c 8b 74 24 30 4c 8b 64 24 38 48 8b
0x00007ffc8eeee933:   7c 24 40 48 8b ac 24 80 00 00 00 48 83 c4 48 41
0x00007ffc8eeee943:   5f 41 5d 5e 5b c3 cc cc cc cc cc cc cc 40 53 56
0x00007ffc8eeee953:   57 48 83 ec 30 8b b9 50 02 00 00 48 8b da 2b b9
0x00007ffc8eeee963:   78 02 00 00 48 8b f1 3b 7a 08 72 0a 8b d7 48 8b
0x00007ffc8eeee973:   cb e8 67 91 45 00 48 8b 43 10 48 c7 04 f8 00 00
0x00007ffc8eeee983:   00 00 48 8b 96 e0 02 00 00 48 85 d2 74 08 48 8b
0x00007ffc8eeee993:   cb e8 97 30 e8 ff 48 8b 96 e8 02 00 00 48 85 d2
0x00007ffc8eeee9a3:   74 08 48 8b cb e8 83 30 e8 ff 33 c0 89 44 24 50
0x00007ffc8eeee9b3:   39 43 18 0f 86 f8 00 00 00 48 89 6c 24 58 4c 89
0x00007ffc8eeee9c3:   64 24 60 4c 89 6c 24 68 4c 89 74 24 28 4c 89 7c
0x00007ffc8eeee9d3:   24 20 66 66 66 0f 1f 84 00 00 00 00 00 8b c8 48
0x00007ffc8eeee9e3:   8b 43 10 4c 8b 2c c8 41 8b 45 1c 85 c0 0f 84 92
0x00007ffc8eeee9f3:   00 00 00 45 33 f6 44 8b e0 0f 1f 40 00 49 8b 45
0x00007ffc8eeeea03:   08 49 8b 3c 06 48 85 ff 74 6d 40 f6 c7 01 75 67
0x00007ffc8eeeea13:   48 83 3f fe 74 61 44 8b 7f 28 41 8b f7 c1 ee 05
0x00007ffc8eeeea23:   3b 73 20 72 0b 8b d6 48 8d 4b 20 e8 bd f8 63 00
0x00007ffc8eeeea33:   48 8b 43 28 41 83 e7 1f 48 8d 14 b0 41 0f b6 cf
0x00007ffc8eeeea43:   41 b8 01 00 00 00 41 d3 e0 8b 0a 8b c1 41 0b c0
0x00007ffc8eeeea53:   89 02 41 85 c8 75 20 8b 73 18 8d 46 01 89 43 18
0x00007ffc8eeeea63:   3b 73 08 72 0a 8b d6 48 8b cb e8 6e 90 45 00 48
0x00007ffc8eeeea73:   8b 43 10 48 89 3c f0 49 83 c6 08 49 83 ec 01 0f
0x00007ffc8eeeea83:   85 78 ff ff ff 8b 44 24 50 ff c0 89 44 24 50 3b
0x00007ffc8eeeea93:   43 18 0f 82 45 ff ff ff 4c 8b 7c 24 20 4c 8b 74
0x00007ffc8eeeeaa3:   24 28 4c 8b 6c 24 68 4c 8b 64 24 60 48 8b 6c 24
0x00007ffc8eeeeab3:   58 48 83 c4 30 5f 5e 5b c3 cc cc cc cc 40 53 48
0x00007ffc8eeeeac3:   83 ec 20 48 8b 81 f0 02 00 00 48 8b d9 48 85 c0
0x00007ffc8eeeead3:   75 27 e8 a6 38 00 00 48 8b d0 48 8b 48 10 48 8b
0x00007ffc8eeeeae3:   01 48 3b c2 74 06 83 78 38 02 74 06 48 83 c1 08
0x00007ffc8eeeeaf3:   eb ec 48 89 83 f0 02 00 00 48 83 c4 20 5b c3 cc
0x00007ffc8eeeeb03:   cc cc cc cc cc cc cc cc cc cc cc cc cc 48 8b c4 


Stack slot to memory mapping:

stack at sp + 0 slots: 0x000000c5e8ffd030 is pointing into the stack for thread: 0x0000022aadd1d9b0
stack at sp + 1 slots: 0x000000c5e8ffd080 is pointing into the stack for thread: 0x0000022aadd1d9b0
stack at sp + 2 slots: 0x000000c5e8ffe820 is pointing into the stack for thread: 0x0000022aadd1d9b0
stack at sp + 3 slots: 0x00000000000011d6 is an unknown value
stack at sp + 4 slots: 0x000000c5e8ffd4b0 is pointing into the stack for thread: 0x0000022aadd1d9b0
stack at sp + 5 slots: 0x0000022aadd0a3f0 points into unknown readable memory: 0x0000000000000007 | 07 00 00 00 00 00 00 00
stack at sp + 6 slots: 0x0000022ac57349d8 points into unknown readable memory: 0x1018972da4f46faa | aa 6f f4 a4 2d 97 18 10
stack at sp + 7 slots: 0x00000000000f49b8 is an unknown value


---------------  P R O C E S S  ---------------

Threads class SMR info:
_java_thread_list=0x0000022b0f74d630, length=22, elements={
0x0000022a92f32000, 0x0000022aadd09180, 0x0000022aadd0c110, 0x0000022aadd15340,
0x0000022aadd15fa0, 0x0000022aadd18bc0, 0x0000022aadd19a50, 0x0000022aadd1d9b0,
0x0000022ac56b0cb0, 0x0000022ac58d6f80, 0x0000022b0b5ca9d0, 0x0000022b0b2cf490,
0x0000022b0b96e760, 0x0000022b0c25d250, 0x0000022ac5767ef0, 0x0000022b0b766db0,
0x0000022b0c5270d0, 0x0000022b0ddb3cc0, 0x0000022b0ddb4390, 0x0000022b0ddb5ed0,
0x0000022b0ddb5800, 0x0000022b0f0923e0
}

Java Threads: ( => current thread )
  0x0000022a92f32000 JavaThread "main"                              [_thread_blocked, id=6216, stack(0x000000c5e8100000,0x000000c5e8200000) (1024K)]
  0x0000022aadd09180 JavaThread "Reference Handler"          daemon [_thread_blocked, id=1328, stack(0x000000c5e8900000,0x000000c5e8a00000) (1024K)]
  0x0000022aadd0c110 JavaThread "Finalizer"                  daemon [_thread_blocked, id=2660, stack(0x000000c5e8a00000,0x000000c5e8b00000) (1024K)]
  0x0000022aadd15340 JavaThread "Signal Dispatcher"          daemon [_thread_blocked, id=5356, stack(0x000000c5e8b00000,0x000000c5e8c00000) (1024K)]
  0x0000022aadd15fa0 JavaThread "Attach Listener"            daemon [_thread_blocked, id=19248, stack(0x000000c5e8c00000,0x000000c5e8d00000) (1024K)]
  0x0000022aadd18bc0 JavaThread "Service Thread"             daemon [_thread_blocked, id=4652, stack(0x000000c5e8d00000,0x000000c5e8e00000) (1024K)]
  0x0000022aadd19a50 JavaThread "Monitor Deflation Thread"   daemon [_thread_blocked, id=22600, stack(0x000000c5e8e00000,0x000000c5e8f00000) (1024K)]
=>0x0000022aadd1d9b0 JavaThread "C2 CompilerThread0"         daemon [_thread_in_native, id=11912, stack(0x000000c5e8f00000,0x000000c5e9000000) (1024K)]
  0x0000022ac56b0cb0 JavaThread "C1 CompilerThread0"         daemon [_thread_blocked, id=5872, stack(0x000000c5e9000000,0x000000c5e9100000) (1024K)]
  0x0000022ac58d6f80 JavaThread "Common-Cleaner"             daemon [_thread_blocked, id=25812, stack(0x000000c5e9200000,0x000000c5e9300000) (1024K)]
  0x0000022b0b5ca9d0 JavaThread "Monitor Ctrl-Break"         daemon [_thread_in_native, id=19328, stack(0x000000c5e9500000,0x000000c5e9600000) (1024K)]
  0x0000022b0b2cf490 JavaThread "Notification Thread"        daemon [_thread_blocked, id=26328, stack(0x000000c5e9600000,0x000000c5e9700000) (1024K)]
  0x0000022b0b96e760 JavaThread "Thread-0"                          [_thread_blocked, id=10796, stack(0x000000c5e9b00000,0x000000c5e9c00000) (1024K)]
  0x0000022b0c25d250 JavaThread "restartedMain"                     [_thread_blocked, id=7228, stack(0x000000c5e9c00000,0x000000c5e9d00000) (1024K)]
  0x0000022ac5767ef0 JavaThread "Keep-Alive-Timer"           daemon [_thread_blocked, id=8204, stack(0x000000c5e9100000,0x000000c5e9200000) (1024K)]
  0x0000022b0b766db0 JavaThread "C1 CompilerThread1"         daemon [_thread_blocked, id=12012, stack(0x000000c5e9300000,0x000000c5e9400000) (1024K)]
  0x0000022b0c5270d0 JavaThread "C1 CompilerThread2"         daemon [_thread_blocked, id=17708, stack(0x000000c5e9400000,0x000000c5e9500000) (1024K)]
  0x0000022b0ddb3cc0 JavaThread "C2 CompilerThread1"         daemon [_thread_in_native, id=4172, stack(0x000000c5e9700000,0x000000c5e9800000) (1024K)]
  0x0000022b0ddb4390 JavaThread "C2 CompilerThread2"         daemon [_thread_in_native, id=5380, stack(0x000000c5e9800000,0x000000c5e9900000) (1024K)]
  0x0000022b0ddb5ed0 JavaThread "C2 CompilerThread3"         daemon [_thread_blocked, id=18140, stack(0x000000c5e9a00000,0x000000c5e9b00000) (1024K)]
  0x0000022b0ddb5800 JavaThread "C2 CompilerThread4"         daemon [_thread_blocked, id=25728, stack(0x000000c5eb900000,0x000000c5eba00000) (1024K)]
  0x0000022b0f0923e0 JavaThread "Thread-4"                          [_thread_blocked, id=16376, stack(0x000000c5e9900000,0x000000c5e9a00000) (1024K)]
Total: 22

Other Threads:
  0x0000022aadcec190 VMThread "VM Thread"                           [id=12324, stack(0x000000c5e8800000,0x000000c5e8900000) (1024K)]
  0x0000022aadcd38f0 WatcherThread "VM Periodic Task Thread"        [id=15368, stack(0x000000c5e8700000,0x000000c5e8800000) (1024K)]
  0x0000022aadba0410 WorkerThread "GC Thread#0"                     [id=24516, stack(0x000000c5e8200000,0x000000c5e8300000) (1024K)]
  0x0000022b0c6e6c30 WorkerThread "GC Thread#1"                     [id=5624, stack(0x000000c5e9d00000,0x000000c5e9e00000) (1024K)]
  0x0000022b0c2f9000 WorkerThread "GC Thread#2"                     [id=28344, stack(0x000000c5e9e00000,0x000000c5e9f00000) (1024K)]
  0x0000022b0c6dcef0 WorkerThread "GC Thread#3"                     [id=10704, stack(0x000000c5e9f00000,0x000000c5ea000000) (1024K)]
  0x0000022b0c6dd6a0 WorkerThread "GC Thread#4"                     [id=3460, stack(0x000000c5ea000000,0x000000c5ea100000) (1024K)]
  0x0000022b0c2ec7e0 WorkerThread "GC Thread#5"                     [id=23100, stack(0x000000c5ea100000,0x000000c5ea200000) (1024K)]
  0x0000022b0b910f80 WorkerThread "GC Thread#6"                     [id=1852, stack(0x000000c5ea200000,0x000000c5ea300000) (1024K)]
  0x0000022b0c4f2fa0 WorkerThread "GC Thread#7"                     [id=22784, stack(0x000000c5ea300000,0x000000c5ea400000) (1024K)]
  0x0000022b0c4f2860 WorkerThread "GC Thread#8"                     [id=29052, stack(0x000000c5ea400000,0x000000c5ea500000) (1024K)]
  0x0000022b0c4f2c00 WorkerThread "GC Thread#9"                     [id=2416, stack(0x000000c5ea500000,0x000000c5ea600000) (1024K)]
  0x0000022b0c4f3340 WorkerThread "GC Thread#10"                    [id=6984, stack(0x000000c5ea600000,0x000000c5ea700000) (1024K)]
  0x0000022b0c4f1d80 WorkerThread "GC Thread#11"                    [id=9592, stack(0x000000c5ea700000,0x000000c5ea800000) (1024K)]
  0x0000022b0c4f2120 WorkerThread "GC Thread#12"                    [id=29864, stack(0x000000c5ea800000,0x000000c5ea900000) (1024K)]
  0x0000022b0c4f19e0 WorkerThread "GC Thread#13"                    [id=15060, stack(0x000000c5ea900000,0x000000c5eaa00000) (1024K)]
  0x0000022b0c4f24c0 WorkerThread "GC Thread#14"                    [id=11236, stack(0x000000c5eaa00000,0x000000c5eab00000) (1024K)]
  0x0000022b0c29d880 WorkerThread "GC Thread#15"                    [id=15340, stack(0x000000c5eab00000,0x000000c5eac00000) (1024K)]
  0x0000022b0c29c660 WorkerThread "GC Thread#16"                    [id=8896, stack(0x000000c5eac00000,0x000000c5ead00000) (1024K)]
  0x0000022b0c29f1e0 WorkerThread "GC Thread#17"                    [id=15804, stack(0x000000c5ead00000,0x000000c5eae00000) (1024K)]
  0x0000022b0c29e360 WorkerThread "GC Thread#18"                    [id=19008, stack(0x000000c5eae00000,0x000000c5eaf00000) (1024K)]
  0x0000022b0c29d4e0 WorkerThread "GC Thread#19"                    [id=3184, stack(0x000000c5eaf00000,0x000000c5eb000000) (1024K)]
  0x0000022b0c29e700 WorkerThread "GC Thread#20"                    [id=30524, stack(0x000000c5eb000000,0x000000c5eb100000) (1024K)]
  0x0000022b0c29dc20 WorkerThread "GC Thread#21"                    [id=8468, stack(0x000000c5eb100000,0x000000c5eb200000) (1024K)]
  0x0000022b0c29ca00 WorkerThread "GC Thread#22"                    [id=19356, stack(0x000000c5eb200000,0x000000c5eb300000) (1024K)]
  0x0000022a95197a30 ConcurrentGCThread "G1 Main Marker"            [id=14692, stack(0x000000c5e8300000,0x000000c5e8400000) (1024K)]
  0x0000022a95198be0 WorkerThread "G1 Conc#0"                       [id=30020, stack(0x000000c5e8400000,0x000000c5e8500000) (1024K)]
  0x0000022b0c29c2c0 WorkerThread "G1 Conc#1"                       [id=4904, stack(0x000000c5eb300000,0x000000c5eb400000) (1024K)]
  0x0000022b0c29cda0 WorkerThread "G1 Conc#2"                       [id=28640, stack(0x000000c5eb400000,0x000000c5eb500000) (1024K)]
  0x0000022b0c29b7e0 WorkerThread "G1 Conc#3"                       [id=29740, stack(0x000000c5eb600000,0x000000c5eb700000) (1024K)]
  0x0000022b0c29d140 WorkerThread "G1 Conc#4"                       [id=16280, stack(0x000000c5eb700000,0x000000c5eb800000) (1024K)]
  0x0000022b0c29dfc0 WorkerThread "G1 Conc#5"                       [id=17644, stack(0x000000c5eb800000,0x000000c5eb900000) (1024K)]
  0x0000022aadc70070 ConcurrentGCThread "G1 Refine#0"               [id=5888, stack(0x000000c5e8500000,0x000000c5e8600000) (1024K)]
  0x0000022aadc70be0 ConcurrentGCThread "G1 Service"                [id=16612, stack(0x000000c5e8600000,0x000000c5e8700000) (1024K)]
Total: 34

Threads with active compile tasks:
C2 CompilerThread0     3613 3094       4       java.lang.invoke.MethodType::makeImpl (109 bytes)
C2 CompilerThread1     3613 2996   !   4       jdk.internal.loader.BuiltinClassLoader::loadClassOrNull (143 bytes)
C2 CompilerThread2     3613 3298       4       java.util.jar.JarFile::getVersionedEntry (133 bytes)
Total: 3

VM state: not at safepoint (normal execution)

VM Mutex/Monitor currently owned by a thread: None

Heap address: 0x0000000404000000, size: 16320 MB, Compressed Oops mode: Zero based, Oop shift amount: 3

CDS archive(s) mapped at: [0x0000022ac6000000-0x0000022ac6c90000-0x0000022ac6c90000), size 13172736, SharedBaseAddress: 0x0000022ac6000000, ArchiveRelocationMode: 1.
Compressed class space mapped at: 0x0000022ac7000000-0x0000022b07000000, reserved size: 1073741824
Narrow klass base: 0x0000022ac6000000, Narrow klass shift: 0, Narrow klass range: 0x100000000

GC Precious Log:
 CardTable entry size: 512
 Card Set container configuration: InlinePtr #cards 4 size 8 Array Of Cards #cards 64 size 144 Howl #buckets 8 coarsen threshold 14745 Howl Bitmap #cards 2048 size 272 coarsen threshold 1843 Card regions per heap region 1 cards per card region 16384
 CPUs: 32 total, 32 available
 Memory: 65276M
 Large Page Support: Disabled
 NUMA Support: Disabled
 Compressed Oops: Enabled (Zero based)
 Heap Region Size: 8M
 Heap Min Capacity: 8M
 Heap Initial Capacity: 1G
 Heap Max Capacity: 16320M
 Pre-touch: Disabled
 Parallel Workers: 23
 Concurrent Workers: 6
 Concurrent Refinement Workers: 23
 Periodic GC: Disabled

Heap:
 garbage-first heap   total 81920K, used 30531K [0x0000000404000000, 0x0000000800000000)
  region size 8192K, 4 young (32768K), 1 survivors (8192K)
 Metaspace       used 25408K, committed 25728K, reserved 1114112K
  class space    used 3186K, committed 3328K, reserved 1048576K

Heap Regions: E=young(eden), S=young(survivor), O=old, HS=humongous(starts), HC=humongous(continues), CS=collection set, F=free, TAMS=top-at-mark-start, PB=parsable bottom
|   0|0x0000000404000000, 0x0000000404800000, 0x0000000404800000|100%| O|  |TAMS 0x0000000404000000| PB 0x0000000404000000| Untracked 
|   1|0x0000000404800000, 0x0000000404978748, 0x0000000405000000| 18%| O|Cm|TAMS 0x0000000404800000| PB 0x0000000404800000| Complete 
|   2|0x0000000405000000, 0x0000000405000000, 0x0000000405800000|  0%| F|  |TAMS 0x0000000405000000| PB 0x0000000405000000| Untracked 
|   3|0x0000000405800000, 0x0000000405800000, 0x0000000406000000|  0%| F|  |TAMS 0x0000000405800000| PB 0x0000000405800000| Untracked 
|   4|0x0000000406000000, 0x0000000406000000, 0x0000000406800000|  0%| F|  |TAMS 0x0000000406000000| PB 0x0000000406000000| Untracked 
|   5|0x0000000406800000, 0x0000000406800000, 0x0000000407000000|  0%| F|  |TAMS 0x0000000406800000| PB 0x0000000406800000| Untracked 
|   6|0x0000000407000000, 0x0000000407800000, 0x0000000407800000|100%| E|  |TAMS 0x0000000407000000| PB 0x0000000407000000| Complete 
|   7|0x0000000407800000, 0x0000000408000000, 0x0000000408000000|100%| E|CS|TAMS 0x0000000407800000| PB 0x0000000407800000| Complete 
| 124|0x0000000442000000, 0x0000000442458620, 0x0000000442800000| 54%| S|CS|TAMS 0x0000000442000000| PB 0x0000000442000000| Complete 
| 127|0x0000000443800000, 0x0000000444000000, 0x0000000444000000|100%| E|CS|TAMS 0x0000000443800000| PB 0x0000000443800000| Complete 

Card table byte_map: [0x0000022aafd00000,0x0000022ab1ce0000] _byte_map_base: 0x0000022aadce0000

Marking Bits: (CMBitMap*) 0x0000022a95187250
 Bits: [0x0000022ab1ce0000, 0x0000022ac1be0000)

Polling page: 0x0000022a93010000

Metaspace:

Usage:
  Non-class:     21.70 MB used.
      Class:      3.11 MB used.
       Both:     24.81 MB used.

Virtual space:
  Non-class space:       64.00 MB reserved,      21.88 MB ( 34%) committed,  1 nodes.
      Class space:        1.00 GB reserved,       3.25 MB ( <1%) committed,  1 nodes.
             Both:        1.06 GB reserved,      25.12 MB (  2%) committed. 

Chunk freelists:
   Non-Class:  9.33 MB
       Class:  12.59 MB
        Both:  21.92 MB

MaxMetaspaceSize: unlimited
CompressedClassSpaceSize: 1.00 GB
Initial GC threshold: 21.00 MB
Current GC threshold: 35.25 MB
CDS: on
 - commit_granule_bytes: 65536.
 - commit_granule_words: 8192.
 - virtual_space_node_default_size: 8388608.
 - enlarge_chunks_in_place: 1.
 - use_allocation_guard: 0.


Internal statistics:

num_allocs_failed_limit: 5.
num_arena_births: 318.
num_arena_deaths: 0.
num_vsnodes_births: 2.
num_vsnodes_deaths: 0.
num_space_committed: 402.
num_space_uncommitted: 0.
num_chunks_returned_to_freelist: 5.
num_chunks_taken_from_freelist: 1159.
num_chunk_merges: 5.
num_chunk_splits: 797.
num_chunks_enlarged: 597.
num_inconsistent_stats: 0.

CodeHeap 'non-profiled nmethods': size=118848Kb used=1868Kb max_used=1868Kb free=116979Kb
 bounds [0x0000022aa53d0000, 0x0000022aa5640000, 0x0000022aac7e0000]
CodeHeap 'profiled nmethods': size=118848Kb used=6677Kb max_used=6677Kb free=112170Kb
 bounds [0x0000022a9d7e0000, 0x0000022a9de70000, 0x0000022aa4bf0000]
CodeHeap 'non-nmethods': size=8064Kb used=2609Kb max_used=3702Kb free=5454Kb
 bounds [0x0000022aa4bf0000, 0x0000022aa4fa0000, 0x0000022aa53d0000]
 total_blobs=3862 nmethods=3300 adapters=463
 compilation: enabled
              stopped_count=0, restarted_count=0
 full_count=0

Compilation events (20 events):
Event: 3.574 Thread 0x0000022b0ddb5ed0 nmethod 3271 0x0000022aa5597590 code [0x0000022aa5597720, 0x0000022aa5597a30]
Event: 3.575 Thread 0x0000022ac56b0cb0 3272       3       org.springframework.util.ConcurrentReferenceHashMap::put (8 bytes)
Event: 3.575 Thread 0x0000022ac56b0cb0 nmethod 3272 0x0000022a9de51810 code [0x0000022a9de519c0, 0x0000022a9de51b00]
Event: 3.576 Thread 0x0000022b0ddb4390 3273       4       jdk.internal.jimage.ImageLocation::verify (218 bytes)
Event: 3.576 Thread 0x0000022b0ddb5ed0 3274       4       java.util.Properties::loadConvert (540 bytes)
Event: 3.576 Thread 0x0000022b0ddb5800 3275 %     4       java.util.Properties$LineReader::readLine @ 53 (584 bytes)
Event: 3.577 Thread 0x0000022b0b766db0 3276 %     3       java.util.Properties::load0 @ 29 (249 bytes)
Event: 3.578 Thread 0x0000022b0b766db0 nmethod 3276% 0x0000022a9de51b90 code [0x0000022a9de51de0, 0x0000022a9de52978]
Event: 3.578 Thread 0x0000022b0b766db0 3278       3       java.util.Properties::load0 (249 bytes)
Event: 3.578 Thread 0x0000022b0b766db0 nmethod 3278 0x0000022a9de52d10 code [0x0000022a9de52f60, 0x0000022a9de53950]
Event: 3.579 Thread 0x0000022b0b766db0 3280       3       jdk.internal.loader.BuiltinClassLoader$1::hasNext (93 bytes)
Event: 3.579 Thread 0x0000022b0b766db0 nmethod 3280 0x0000022a9de53c90 code [0x0000022a9de53ee0, 0x0000022a9de54950]
Event: 3.582 Thread 0x0000022ac56b0cb0 3282       3       java.lang.invoke.DelegatingMethodHandle::makeReinvokerForm (326 bytes)
Event: 3.582 Thread 0x0000022b0c5270d0 3283       3       java.lang.invoke.DelegatingMethodHandle::whichKind (44 bytes)
Event: 3.582 Thread 0x0000022b0c5270d0 nmethod 3283 0x0000022a9de54b90 code [0x0000022a9de54d40, 0x0000022a9de54f20]
Event: 3.582 Thread 0x0000022ac56b0cb0 nmethod 3282 0x0000022a9de54f90 code [0x0000022a9de55340, 0x0000022a9de57220]
Event: 3.585 Thread 0x0000022b0ddb5ed0 nmethod 3274 0x0000022aa5597c90 code [0x0000022aa5597f00, 0x0000022aa5598d90]
Event: 3.585 Thread 0x0000022b0ddb5ed0 3281 %     4       java.util.Properties::load0 @ 29 (249 bytes)
Event: 3.586 Thread 0x0000022ac56b0cb0 3284       3       java.lang.invoke.LambdaFormEditor$TransformKey::packedBytes (37 bytes)
Event: 3.586 Thread 0x0000022ac56b0cb0 nmethod 3284 0x0000022a9de57f10 code [0x0000022a9de580a0, 0x0000022a9de581b0]

GC Heap History (6 events):
Event: 0.372 GC heap before
{Heap before GC invocations=0 (full 0):
 garbage-first heap   total 1048576K, used 49152K [0x0000000404000000, 0x0000000800000000)
  region size 8192K, 6 young (49152K), 0 survivors (0K)
 Metaspace       used 7243K, committed 7488K, reserved 1114112K
  class space    used 821K, committed 960K, reserved 1048576K
}
Event: 0.375 GC heap after
{Heap after GC invocations=1 (full 0):
 garbage-first heap   total 1048576K, used 9689K [0x0000000404000000, 0x0000000800000000)
  region size 8192K, 1 young (8192K), 1 survivors (8192K)
 Metaspace       used 7243K, committed 7488K, reserved 1114112K
  class space    used 821K, committed 960K, reserved 1048576K
}
Event: 1.598 GC heap before
{Heap before GC invocations=1 (full 0):
 garbage-first heap   total 1048576K, used 42457K [0x0000000404000000, 0x0000000800000000)
  region size 8192K, 6 young (49152K), 1 survivors (8192K)
 Metaspace       used 17344K, committed 17664K, reserved 1114112K
  class space    used 2036K, committed 2176K, reserved 1048576K
}
Event: 1.601 GC heap after
{Heap after GC invocations=2 (full 0):
 garbage-first heap   total 1048576K, used 12995K [0x0000000404000000, 0x0000000800000000)
  region size 8192K, 1 young (8192K), 1 survivors (8192K)
 Metaspace       used 17344K, committed 17664K, reserved 1114112K
  class space    used 2036K, committed 2176K, reserved 1048576K
}
Event: 3.452 GC heap before
{Heap before GC invocations=2 (full 0):
 garbage-first heap   total 1048576K, used 29379K [0x0000000404000000, 0x0000000800000000)
  region size 8192K, 4 young (32768K), 1 survivors (8192K)
 Metaspace       used 21244K, committed 21504K, reserved 1114112K
  class space    used 2617K, committed 2752K, reserved 1048576K
}
Event: 3.453 GC heap after
{Heap after GC invocations=3 (full 0):
 garbage-first heap   total 1048576K, used 14147K [0x0000000404000000, 0x0000000800000000)
  region size 8192K, 1 young (8192K), 1 survivors (8192K)
 Metaspace       used 21244K, committed 21504K, reserved 1114112K
  class space    used 2617K, committed 2752K, reserved 1048576K
}

Dll operation events (14 events):
Event: 0.003 Loaded shared library D:\Desenvolvimento\jdk21\bin\java.dll
Event: 0.019 Loaded shared library D:\Desenvolvimento\jdk21\bin\jsvml.dll
Event: 0.061 Loaded shared library D:\Desenvolvimento\jdk21\bin\zip.dll
Event: 0.062 Loaded shared library D:\Desenvolvimento\jdk21\bin\instrument.dll
Event: 0.063 Loaded shared library D:\Desenvolvimento\jdk21\bin\net.dll
Event: 0.064 Loaded shared library D:\Desenvolvimento\jdk21\bin\nio.dll
Event: 0.065 Loaded shared library D:\Desenvolvimento\jdk21\bin\zip.dll
Event: 0.112 Loaded shared library D:\Desenvolvimento\IntelliJ IDEA Community Edition 2024.2\bin\breakgen64.dll
Event: 0.118 Loaded shared library D:\Desenvolvimento\jdk21\bin\extnet.dll
Event: 0.121 Loaded shared library D:\Desenvolvimento\jdk21\bin\verify.dll
Event: 0.124 Loaded shared library D:\Desenvolvimento\jdk21\bin\jimage.dll
Event: 0.263 Loaded shared library D:\Desenvolvimento\jdk21\bin\management.dll
Event: 0.264 Loaded shared library D:\Desenvolvimento\jdk21\bin\management_ext.dll
Event: 3.547 Loaded shared library D:\Desenvolvimento\jdk21\bin\sunmscapi.dll

Deoptimization events (20 events):
Event: 3.579 Thread 0x0000022b0c25d250 DEOPT PACKING pc=0x0000022a9d97c2f6 sp=0x000000c5e9cfe200
Event: 3.579 Thread 0x0000022b0c25d250 DEOPT UNPACKING pc=0x0000022aa4c44e42 sp=0x000000c5e9cfd6e8 mode 0
Event: 3.580 Thread 0x0000022b0c25d250 DEOPT PACKING pc=0x0000022a9d97c2f6 sp=0x000000c5e9cfe200
Event: 3.580 Thread 0x0000022b0c25d250 DEOPT UNPACKING pc=0x0000022aa4c44e42 sp=0x000000c5e9cfd6e8 mode 0
Event: 3.580 Thread 0x0000022b0c25d250 DEOPT PACKING pc=0x0000022a9d97c2f6 sp=0x000000c5e9cfe200
Event: 3.580 Thread 0x0000022b0c25d250 DEOPT UNPACKING pc=0x0000022aa4c44e42 sp=0x000000c5e9cfd6e8 mode 0
Event: 3.580 Thread 0x0000022b0c25d250 DEOPT PACKING pc=0x0000022a9d97c2f6 sp=0x000000c5e9cfe200
Event: 3.580 Thread 0x0000022b0c25d250 DEOPT UNPACKING pc=0x0000022aa4c44e42 sp=0x000000c5e9cfd6e8 mode 0
Event: 3.580 Thread 0x0000022b0c25d250 DEOPT PACKING pc=0x0000022a9d97c2f6 sp=0x000000c5e9cfe200
Event: 3.580 Thread 0x0000022b0c25d250 DEOPT UNPACKING pc=0x0000022aa4c44e42 sp=0x000000c5e9cfd6e8 mode 0
Event: 3.580 Thread 0x0000022b0c25d250 DEOPT PACKING pc=0x0000022a9d97c2f6 sp=0x000000c5e9cfe200
Event: 3.580 Thread 0x0000022b0c25d250 DEOPT UNPACKING pc=0x0000022aa4c44e42 sp=0x000000c5e9cfd6e8 mode 0
Event: 3.580 Thread 0x0000022b0c25d250 DEOPT PACKING pc=0x0000022a9d97c2f6 sp=0x000000c5e9cfe200
Event: 3.580 Thread 0x0000022b0c25d250 DEOPT UNPACKING pc=0x0000022aa4c44e42 sp=0x000000c5e9cfd6e8 mode 0
Event: 3.580 Thread 0x0000022b0c25d250 DEOPT PACKING pc=0x0000022a9d97c2f6 sp=0x000000c5e9cfe200
Event: 3.580 Thread 0x0000022b0c25d250 DEOPT UNPACKING pc=0x0000022aa4c44e42 sp=0x000000c5e9cfd6e8 mode 0
Event: 3.580 Thread 0x0000022b0c25d250 DEOPT PACKING pc=0x0000022a9d97c2f6 sp=0x000000c5e9cfe200
Event: 3.580 Thread 0x0000022b0c25d250 DEOPT UNPACKING pc=0x0000022aa4c44e42 sp=0x000000c5e9cfd6e8 mode 0
Event: 3.580 Thread 0x0000022b0c25d250 DEOPT PACKING pc=0x0000022a9d97c2f6 sp=0x000000c5e9cfe200
Event: 3.580 Thread 0x0000022b0c25d250 DEOPT UNPACKING pc=0x0000022aa4c44e42 sp=0x000000c5e9cfd6e8 mode 0

Classes loaded (20 events):
Event: 3.543 Loading class java/security/AuthProvider
Event: 3.543 Loading class java/security/AuthProvider done
Event: 3.543 Loading class java/security/PrivilegedActionException
Event: 3.543 Loading class java/security/PrivilegedActionException done
Event: 3.543 Loading class javax/security/auth/login/FailedLoginException
Event: 3.543 Loading class javax/security/auth/login/FailedLoginException done
Event: 3.543 Loading class javax/security/auth/Subject
Event: 3.544 Loading class javax/security/auth/Subject done
Event: 3.544 Loading class javax/security/auth/callback/CallbackHandler
Event: 3.544 Loading class javax/security/auth/callback/CallbackHandler done
Event: 3.549 Loading class sun/security/provider/certpath/ldap/JdkLDAP
Event: 3.549 Loading class sun/security/provider/certpath/ldap/JdkLDAP done
Event: 3.550 Loading class sun/security/provider/certpath/ldap/JdkLDAP$ProviderService
Event: 3.550 Loading class sun/security/provider/certpath/ldap/JdkLDAP$ProviderService done
Event: 3.550 Loading class com/sun/security/sasl/Provider
Event: 3.550 Loading class com/sun/security/sasl/Provider done
Event: 3.550 Loading class com/sun/security/sasl/Provider$1
Event: 3.550 Loading class com/sun/security/sasl/Provider$1 done
Event: 3.550 Loading class com/sun/security/sasl/Provider$ProviderService
Event: 3.550 Loading class com/sun/security/sasl/Provider$ProviderService done

Classes unloaded (0 events):
No events

Classes redefined (0 events):
No events

Internal exceptions (20 events):
Event: 0.646 Thread 0x0000022b0c25d250 Exception <a 'java/lang/NoSuchMethodError'{0x000000044270ac30}: 'long java.lang.invoke.DirectMethodHandle$Holder.invokeStaticInit(java.lang.Object, java.lang.Object)'> (0x000000044270ac30) 
thrown [s\src\hotspot\share\interpreter\linkResolver.cpp, line 773]
Event: 0.647 Thread 0x0000022b0c25d250 Exception <a 'java/lang/NoSuchMethodError'{0x00000004427175f8}: 'long java.lang.invoke.DirectMethodHandle$Holder.invokeInterface(java.lang.Object, java.lang.Object)'> (0x00000004427175f8) 
thrown [s\src\hotspot\share\interpreter\linkResolver.cpp, line 773]
Event: 0.647 Thread 0x0000022b0c25d250 Exception <a 'java/lang/IncompatibleClassChangeError'{0x000000044271ab68}: Found class java.lang.Object, but interface was expected> (0x000000044271ab68) 
thrown [s\src\hotspot\share\interpreter\linkResolver.cpp, line 840]
Event: 0.656 Thread 0x0000022b0c25d250 Exception <a 'java/lang/NoSuchMethodError'{0x0000000442789c38}: 'void java.lang.invoke.DirectMethodHandle$Holder.invokeVirtual(java.lang.Object, java.lang.Object, java.lang.Object, java.lang.Object)'> (0x0000000442789c38) 
thrown [s\src\hotspot\share\interpreter\linkResolver.cpp, line 773]
Event: 0.705 Thread 0x0000022b0c25d250 Exception <a 'java/lang/NoSuchMethodError'{0x0000000441bb37f8}: 'int java.lang.invoke.DirectMethodHandle$Holder.invokeVirtual(java.lang.Object, java.lang.Object, java.lang.Object)'> (0x0000000441bb37f8) 
thrown [s\src\hotspot\share\interpreter\linkResolver.cpp, line 773]
Event: 1.578 Thread 0x0000022b0c25d250 Exception <a 'java/lang/NoSuchMethodError'{0x0000000441dcd1d0}: 'java.lang.Object java.lang.invoke.DirectMethodHandle$Holder.newInvokeSpecial(java.lang.Object, java.lang.Object, java.lang.Object, java.lang.Object, java.lang.Object, java.lang.Object)'> (0x0000000441dcd1d0) 
thrown [s\src\hotspot\share\interpreter\linkResolver.cpp, line 773]
Event: 1.580 Thread 0x0000022b0c25d250 Exception <a 'java/lang/NoSuchMethodError'{0x0000000441df1820}: 'void java.lang.invoke.Invokers$Holder.invokeExact_MT(java.lang.Object, java.lang.Object, java.lang.Object, java.lang.Object)'> (0x0000000441df1820) 
thrown [s\src\hotspot\share\interpreter\linkResolver.cpp, line 773]
Event: 1.591 Thread 0x0000022b0c25d250 Exception <a 'java/lang/NoSuchMethodError'{0x0000000441f66988}: 'void java.lang.invoke.DirectMethodHandle$Holder.invokeInterface(java.lang.Object, java.lang.Object, java.lang.Object)'> (0x0000000441f66988) 
thrown [s\src\hotspot\share\interpreter\linkResolver.cpp, line 773]
Event: 3.354 Thread 0x0000022b0c25d250 Exception <a 'java/lang/NoSuchMethodError'{0x0000000443d7cf40}: 'java.lang.Object java.lang.invoke.DirectMethodHandle$Holder.invokeVirtual(java.lang.Object, java.lang.Object, java.lang.Object)'> (0x0000000443d7cf40) 
thrown [s\src\hotspot\share\interpreter\linkResolver.cpp, line 773]
Event: 3.358 Thread 0x0000022b0c25d250 Exception <a 'java/lang/NoSuchMethodError'{0x0000000443dc5970}: 'void java.lang.invoke.DirectMethodHandle$Holder.invokeStaticInit(java.lang.Object, java.lang.Object, java.lang.Object)'> (0x0000000443dc5970) 
thrown [s\src\hotspot\share\interpreter\linkResolver.cpp, line 773]
Event: 3.361 Thread 0x0000022b0c25d250 Exception <a 'java/lang/NoSuchMethodError'{0x0000000443e0a160}: 'java.lang.Object java.lang.invoke.DirectMethodHandle$Holder.invokeStatic(java.lang.Object, long, java.lang.Object)'> (0x0000000443e0a160) 
thrown [s\src\hotspot\share\interpreter\linkResolver.cpp, line 773]
Event: 3.361 Thread 0x0000022b0c25d250 Exception <a 'java/lang/NoSuchMethodError'{0x0000000443e0d7e8}: 'java.lang.Object java.lang.invoke.DirectMethodHandle$Holder.invokeStaticInit(java.lang.Object, long, java.lang.Object)'> (0x0000000443e0d7e8) 
thrown [s\src\hotspot\share\interpreter\linkResolver.cpp, line 773]
Event: 3.362 Thread 0x0000022b0c25d250 Exception <a 'java/lang/NoSuchMethodError'{0x0000000443e12c78}: 'java.lang.Object java.lang.invoke.DirectMethodHandle$Holder.newInvokeSpecial(java.lang.Object, long)'> (0x0000000443e12c78) 
thrown [s\src\hotspot\share\interpreter\linkResolver.cpp, line 773]
Event: 3.381 Thread 0x0000022b0c25d250 Exception <a 'java/lang/IncompatibleClassChangeError'{0x0000000443fde330}: Found class java.lang.Object, but interface was expected> (0x0000000443fde330) 
thrown [s\src\hotspot\share\interpreter\linkResolver.cpp, line 840]
Event: 3.382 Thread 0x0000022b0c25d250 Exception <a 'java/lang/NoSuchMethodError'{0x0000000443ff62c0}: 'java.lang.Object java.lang.invoke.DirectMethodHandle$Holder.invokeStaticInit(java.lang.Object, int)'> (0x0000000443ff62c0) 
thrown [s\src\hotspot\share\interpreter\linkResolver.cpp, line 773]
Event: 3.383 Thread 0x0000022b0c25d250 Exception <a 'java/lang/NoSuchMethodError'{0x000000044306bd38}: 'java.lang.Object java.lang.invoke.DirectMethodHandle$Holder.invokeStatic(java.lang.Object, int, java.lang.Object)'> (0x000000044306bd38) 
thrown [s\src\hotspot\share\interpreter\linkResolver.cpp, line 773]
Event: 3.383 Thread 0x0000022b0c25d250 Exception <a 'java/lang/NoSuchMethodError'{0x000000044306f3b8}: 'java.lang.Object java.lang.invoke.DirectMethodHandle$Holder.invokeStaticInit(java.lang.Object, int, java.lang.Object)'> (0x000000044306f3b8) 
thrown [s\src\hotspot\share\interpreter\linkResolver.cpp, line 773]
Event: 3.487 Thread 0x0000022b0c25d250 Implicit null exception at 0x0000022aa5533b46 to 0x0000022aa5533bf8
Event: 3.518 Thread 0x0000022b0c25d250 Exception <a 'java/lang/NoSuchMethodError'{0x0000000407918690}: 'int java.lang.invoke.DirectMethodHandle$Holder.invokeSpecial(java.lang.Object, java.lang.Object, java.lang.Object, java.lang.Object, java.lang.Object)'> (0x0000000407918690) 
thrown [s\src\hotspot\share\interpreter\linkResolver.cpp, line 773]
Event: 3.519 Thread 0x0000022b0c25d250 Exception <a 'java/lang/NoSuchMethodError'{0x0000000407920b20}: 'void java.lang.invoke.DirectMethodHandle$Holder.invokeVirtual(java.lang.Object, java.lang.Object)'> (0x0000000407920b20) 
thrown [s\src\hotspot\share\interpreter\linkResolver.cpp, line 773]

ZGC Phase Switch (0 events):
No events

VM Operations (20 events):
Event: 3.423 Executing VM operation: HandshakeAllThreads (Deoptimize)
Event: 3.423 Executing VM operation: HandshakeAllThreads (Deoptimize) done
Event: 3.423 Executing VM operation: Cleanup
Event: 3.423 Executing VM operation: Cleanup done
Event: 3.452 Executing VM operation: CollectForMetadataAllocation (Metadata GC Threshold)
Event: 3.453 Executing VM operation: CollectForMetadataAllocation (Metadata GC Threshold) done
Event: 3.453 Executing VM operation: CollectForMetadataAllocation (Metadata GC Threshold)
Event: 3.453 Executing VM operation: CollectForMetadataAllocation (Metadata GC Threshold) done
Event: 3.457 Executing VM operation: G1PauseRemark
Event: 3.458 Executing VM operation: G1PauseRemark done
Event: 3.459 Executing VM operation: G1PauseCleanup
Event: 3.460 Executing VM operation: G1PauseCleanup done
Event: 3.487 Executing VM operation: HandshakeAllThreads (Deoptimize)
Event: 3.487 Executing VM operation: HandshakeAllThreads (Deoptimize) done
Event: 3.520 Executing VM operation: HandshakeAllThreads (Deoptimize)
Event: 3.520 Executing VM operation: HandshakeAllThreads (Deoptimize) done
Event: 3.535 Executing VM operation: HandshakeAllThreads (Deoptimize)
Event: 3.535 Executing VM operation: HandshakeAllThreads (Deoptimize) done
Event: 3.575 Executing VM operation: ICBufferFull
Event: 3.575 Executing VM operation: ICBufferFull done

Memory protections (0 events):
No events

Nmethod flushes (0 events):
No events

Events (20 events):
Event: 1.582 Thread 0x0000022b0c25d250 Thread added: 0x0000022ac5767ef0
Event: 1.587 Thread 0x0000022ac56b0cb0 Thread added: 0x0000022b0c5270d0
Event: 1.610 Thread 0x0000022b0c5270d0 Thread added: 0x0000022b0d0262e0
Event: 1.612 Thread 0x0000022b0c5270d0 Thread added: 0x0000022b0cc09030
Event: 3.337 Thread 0x0000022b0c5270d0 Thread exited: 0x0000022b0c5270d0
Event: 3.337 Thread 0x0000022b0cc09030 Thread exited: 0x0000022b0cc09030
Event: 3.338 Thread 0x0000022b0d0262e0 Thread exited: 0x0000022b0d0262e0
Event: 3.338 Thread 0x0000022b0b766db0 Thread exited: 0x0000022b0b766db0
Event: 3.338 Thread 0x0000022ac5917c90 Thread exited: 0x0000022ac5917c90
Event: 3.340 Thread 0x0000022ac56b0cb0 Thread added: 0x0000022b0b766db0
Event: 3.340 Thread 0x0000022ac56b0cb0 Thread added: 0x0000022b0c5270d0
Event: 3.347 Thread 0x0000022b0c25d250 Thread added: 0x0000022b0c7fb870
Event: 3.348 Thread 0x0000022b0c7fb870 Thread exited: 0x0000022b0c7fb870
Event: 3.349 Thread 0x0000022b0b766db0 Thread added: 0x0000022b0ddb3cc0
Event: 3.349 Thread 0x0000022b0b766db0 Thread added: 0x0000022b0ddb4390
Event: 3.380 Thread 0x0000022b0c25d250 Thread added: 0x0000022b0f1e2430
Event: 3.445 Thread 0x0000022ac56b0cb0 Thread added: 0x0000022b0ddb5ed0
Event: 3.462 Thread 0x0000022ac56b0cb0 Thread added: 0x0000022b0ddb5800
Event: 3.551 Thread 0x0000022b0f1e2430 Thread exited: 0x0000022b0f1e2430
Event: 3.581 Thread 0x0000022b0c25d250 Thread added: 0x0000022b0f0923e0


Dynamic libraries:
0x00007ff755d40000 - 0x00007ff755d4e000 	D:\Desenvolvimento\jdk21\bin\java.exe
0x00007ffcd7450000 - 0x00007ffcd7648000 	C:\Windows\SYSTEM32\ntdll.dll
0x00007ffca5160000 - 0x00007ffca517a000 	C:\Program Files\Avast Software\Avast\aswhook.dll
0x00007ffcd5c90000 - 0x00007ffcd5d51000 	C:\Windows\System32\KERNEL32.DLL
0x00007ffcd5030000 - 0x00007ffcd532d000 	C:\Windows\System32\KERNELBASE.dll
0x00007ffcd4b00000 - 0x00007ffcd4c00000 	C:\Windows\System32\ucrtbase.dll
0x00007ffccbb60000 - 0x00007ffccbb7b000 	D:\Desenvolvimento\jdk21\bin\VCRUNTIME140.dll
0x00007ffccf760000 - 0x00007ffccf778000 	D:\Desenvolvimento\jdk21\bin\jli.dll
0x00007ffcd65f0000 - 0x00007ffcd678d000 	C:\Windows\System32\USER32.dll
0x00007ffccaad0000 - 0x00007ffccad6a000 	C:\Windows\WinSxS\amd64_microsoft.windows.common-controls_6595b64144ccf1df_6.0.19041.4355_none_60b8b9eb71f62e16\COMCTL32.dll
0x00007ffcd5450000 - 0x00007ffcd5472000 	C:\Windows\System32\win32u.dll
0x00007ffcd5630000 - 0x00007ffcd56ce000 	C:\Windows\System32\msvcrt.dll
0x00007ffcd58b0000 - 0x00007ffcd58db000 	C:\Windows\System32\GDI32.dll
0x00007ffcd4f10000 - 0x00007ffcd5027000 	C:\Windows\System32\gdi32full.dll
0x00007ffcd5330000 - 0x00007ffcd53cd000 	C:\Windows\System32\msvcp_win.dll
0x00007ffcd7140000 - 0x00007ffcd716f000 	C:\Windows\System32\IMM32.DLL
0x00007ffcd2120000 - 0x00007ffcd212c000 	D:\Desenvolvimento\jdk21\bin\vcruntime140_1.dll
0x00007ffcb2a10000 - 0x00007ffcb2a9e000 	D:\Desenvolvimento\jdk21\bin\msvcp140.dll
0x00007ffc8eca0000 - 0x00007ffc8fa28000 	D:\Desenvolvimento\jdk21\bin\server\jvm.dll
0x00007ffcd6f70000 - 0x00007ffcd7020000 	C:\Windows\System32\ADVAPI32.dll
0x00007ffcd59b0000 - 0x00007ffcd5a50000 	C:\Windows\System32\sechost.dll
0x00007ffcd72e0000 - 0x00007ffcd7403000 	C:\Windows\System32\RPCRT4.dll
0x00007ffcd5420000 - 0x00007ffcd5447000 	C:\Windows\System32\bcrypt.dll
0x00007ffcd6f00000 - 0x00007ffcd6f6b000 	C:\Windows\System32\WS2_32.dll
0x00007ffcd4030000 - 0x00007ffcd407b000 	C:\Windows\SYSTEM32\POWRPROF.dll
0x00007ffcce1a0000 - 0x00007ffcce1aa000 	C:\Windows\SYSTEM32\VERSION.dll
0x00007ffcc8400000 - 0x00007ffcc8427000 	C:\Windows\SYSTEM32\WINMM.dll
0x00007ffcd3ef0000 - 0x00007ffcd3f02000 	C:\Windows\SYSTEM32\UMPDC.dll
0x00007ffcd28c0000 - 0x00007ffcd28d2000 	C:\Windows\SYSTEM32\kernel.appcore.dll
0x00007ffccf750000 - 0x00007ffccf75a000 	D:\Desenvolvimento\jdk21\bin\jimage.dll
0x00007ffccce20000 - 0x00007ffccd004000 	C:\Windows\SYSTEM32\DBGHELP.DLL
0x00007ffccc600000 - 0x00007ffccc634000 	C:\Windows\SYSTEM32\dbgcore.DLL
0x00007ffcd4c00000 - 0x00007ffcd4c82000 	C:\Windows\System32\bcryptPrimitives.dll
0x00007ffccf6f0000 - 0x00007ffccf6ff000 	D:\Desenvolvimento\jdk21\bin\instrument.dll
0x00007ffccbb10000 - 0x00007ffccbb2f000 	D:\Desenvolvimento\jdk21\bin\java.dll
0x00007ffcd6790000 - 0x00007ffcd6eff000 	C:\Windows\System32\SHELL32.dll
0x00007ffcd2ba0000 - 0x00007ffcd333f000 	C:\Windows\SYSTEM32\windows.storage.dll
0x00007ffcd6290000 - 0x00007ffcd65e3000 	C:\Windows\System32\combase.dll
0x00007ffcd4520000 - 0x00007ffcd454e000 	C:\Windows\SYSTEM32\Wldp.dll
0x00007ffcd58e0000 - 0x00007ffcd59ad000 	C:\Windows\System32\OLEAUT32.dll
0x00007ffcd5b50000 - 0x00007ffcd5bfd000 	C:\Windows\System32\SHCORE.dll
0x00007ffcd5c30000 - 0x00007ffcd5c85000 	C:\Windows\System32\shlwapi.dll
0x00007ffcd4a30000 - 0x00007ffcd4a54000 	C:\Windows\SYSTEM32\profapi.dll
0x00007ffcac7c0000 - 0x00007ffcac897000 	D:\Desenvolvimento\jdk21\bin\jsvml.dll
0x00007ffccb770000 - 0x00007ffccb788000 	D:\Desenvolvimento\jdk21\bin\zip.dll
0x00007ffccbb50000 - 0x00007ffccbb60000 	D:\Desenvolvimento\jdk21\bin\net.dll
0x00007ffccefa0000 - 0x00007ffccf0ad000 	C:\Windows\SYSTEM32\WINHTTP.dll
0x00007ffcd4280000 - 0x00007ffcd42ea000 	C:\Windows\system32\mswsock.dll
0x00007ffcbbfb0000 - 0x00007ffcbbfc6000 	D:\Desenvolvimento\jdk21\bin\nio.dll
0x00007ffcbbc80000 - 0x00007ffcbbc9a000 	D:\Desenvolvimento\IntelliJ IDEA Community Edition 2024.2\bin\breakgen64.dll
0x00007ffccb640000 - 0x00007ffccb649000 	D:\Desenvolvimento\jdk21\bin\extnet.dll
0x00007ffcc2070000 - 0x00007ffcc2080000 	D:\Desenvolvimento\jdk21\bin\verify.dll
0x00007ffcbbb50000 - 0x00007ffcbbb5a000 	D:\Desenvolvimento\jdk21\bin\management.dll
0x00007ffcbbb40000 - 0x00007ffcbbb4b000 	D:\Desenvolvimento\jdk21\bin\management_ext.dll
0x00007ffcd5a60000 - 0x00007ffcd5a68000 	C:\Windows\System32\PSAPI.DLL
0x00007ffcd3f60000 - 0x00007ffcd402a000 	C:\Windows\SYSTEM32\DNSAPI.dll
0x00007ffcd3f10000 - 0x00007ffcd3f4b000 	C:\Windows\SYSTEM32\IPHLPAPI.DLL
0x00007ffcd5c20000 - 0x00007ffcd5c28000 	C:\Windows\System32\NSI.dll
0x00007ffccb760000 - 0x00007ffccb76a000 	C:\Windows\System32\rasadhlp.dll
0x00007ffccb1d0000 - 0x00007ffccb250000 	C:\Windows\System32\fwpuclnt.dll
0x00007ffcbbb60000 - 0x00007ffcbbb6e000 	D:\Desenvolvimento\jdk21\bin\sunmscapi.dll
0x00007ffcd4d00000 - 0x00007ffcd4e5e000 	C:\Windows\System32\CRYPT32.dll
0x00007ffcd4590000 - 0x00007ffcd45b9000 	C:\Windows\SYSTEM32\ncrypt.dll
0x00007ffcd4550000 - 0x00007ffcd458b000 	C:\Windows\SYSTEM32\NTASN1.dll

dbghelp: loaded successfully - version: 4.0.5 - missing functions: none
symbol engine: initialized successfully - sym options: 0x614 - pdb path: .;D:\Desenvolvimento\jdk21\bin;C:\Windows\SYSTEM32;C:\Program Files\Avast Software\Avast;C:\Windows\WinSxS\amd64_microsoft.windows.common-controls_6595b64144ccf1df_6.0.19041.4355_none_60b8b9eb71f62e16;D:\Desenvolvimento\jdk21\bin\server;D:\Desenvolvimento\IntelliJ IDEA Community Edition 2024.2\bin

VM Arguments:
jvm_args: -javaagent:D:\Desenvolvimento\IntelliJ IDEA Community Edition 2024.2\lib\idea_rt.jar=64424:D:\Desenvolvimento\IntelliJ IDEA Community Edition 2024.2\bin -Dfile.encoding=UTF-8 -Dsun.stdout.encoding=UTF-8 -Dsun.stderr.encoding=UTF-8 
java_command: com.eazybytes.loans.LoansApplication
java_class_path (initial): D:\Desenvolvimento\Workspaces\microservices\section6\v2-spring-cloud-config\loans\target\classes;C:\Users\danielc\.m2\repository\org\springframework\boot\spring-boot-starter-actuator\3.3.2\spring-boot-starter-actuator-3.3.2.jar;C:\Users\danielc\.m2\repository\org\springframework\boot\spring-boot-starter\3.3.2\spring-boot-starter-3.3.2.jar;C:\Users\danielc\.m2\repository\org\springframework\boot\spring-boot-starter-logging\3.3.2\spring-boot-starter-logging-3.3.2.jar;C:\Users\danielc\.m2\repository\ch\qos\logback\logback-classic\1.5.6\logback-classic-1.5.6.jar;C:\Users\danielc\.m2\repository\ch\qos\logback\logback-core\1.5.6\logback-core-1.5.6.jar;C:\Users\danielc\.m2\repository\org\apache\logging\log4j\log4j-to-slf4j\2.23.1\log4j-to-slf4j-2.23.1.jar;C:\Users\danielc\.m2\repository\org\apache\logging\log4j\log4j-api\2.23.1\log4j-api-2.23.1.jar;C:\Users\danielc\.m2\repository\org\slf4j\jul-to-slf4j\2.0.13\jul-to-slf4j-2.0.13.jar;C:\Users\danielc\.m2\repository\jakarta\annotation\jakarta.annotation-api\2.1.1\jakarta.annotation-api-2.1.1.jar;C:\Users\danielc\.m2\repository\org\yaml\snakeyaml\2.2\snakeyaml-2.2.jar;C:\Users\danielc\.m2\repository\org\springframework\boot\spring-boot-actuator-autoconfigure\3.3.2\spring-boot-actuator-autoconfigure-3.3.2.jar;C:\Users\danielc\.m2\repository\org\springframework\boot\spring-boot-actuator\3.3.2\spring-boot-actuator-3.3.2.jar;C:\Users\danielc\.m2\repository\com\fasterxml\jackson\datatype\jackson-datatype-jsr310\2.17.2\jackson-datatype-jsr310-2.17.2.jar;C:\Users\danielc\.m2\repository\io\micrometer\micrometer-observation\1.13.2\micrometer-observation-1.13.2.jar;C:\Users\danielc\.m2\repository\io\micrometer\micrometer-commons\1.13.2\micrometer-commons-1.13.2.jar;C:\Users\danielc\.m2\repository\io\micrometer\micrometer-jakarta9\1.13.2\micrometer-jakarta9-1.13.2.jar;C:\Users\danielc\.m2\repository\io\micrometer\micrometer-core\1.13.2\micrometer-core-1.13.2.jar;C:\Users\danielc\.m2\repository\org\hdrhistogram\HdrHistogram\2.2.2\HdrHistogram-2.2.2.jar;C:\Users\danielc\.m2\repository\org\latencyutils\LatencyUtils\2.0.3\LatencyUtils-2.0.3.jar;C:\Users\danielc\.m2\repository\org\springframework\boot\spring-boot-starter-data-jpa\3.3.2\spring-boot-starter-data-jpa-3.3.2.jar;C:\Users\danielc\.m2\repository\org\springframework\boot\spring-boot-starter-aop\3.3.2\spring-boot-starter-aop-3.3.2.jar;C:\Users\danielc\.m2\repository\org\springframework\spring-aop\6.1.11\spring-aop-6.1.11.jar;C:\Users\danielc\.m2\repository\org\aspectj\aspectjweaver\1.9.22.1\aspectjweaver-1.9.22.1.jar;C:\Users\danielc\.m2\repository\org\springframework\boot\spring-boot-starter-jdbc\3.3.2\spring-boot-starter-jdbc-3.3.2.jar;C:\Users\danielc\.m2\repository\com\zaxxer\HikariCP\5.1.0\HikariCP-5.1.0.jar;C:\Users\danielc\.m2\repository\org\springframework\spring-jdbc\6.1.11\spring-jdbc-6.1.11.jar;C:\Users\danielc\.m2\repository\org\hibernate\orm\hibernate-core\6.5.2.Final\hibernate-core-6.5.2.Final.jar;C:\Users\danielc\.m2\repository\jakarta\persistence\jakarta.persistence-api\3.1.0\jakarta.persistence-api-3.1.0.jar;C:\Users\danielc\.m2\repository\jakarta\transaction\jakarta.transaction-api\2.0.1\jakarta.transaction-api-2.0.1.jar;C:\Users\danielc\.m2\repository\org\jboss\logging\jboss-logging\3.5.3.Final\jboss-logging-3.5.3.Final.jar;C:\Users\danielc\.m2\repository\org\hibernate\common\hibernate-commons-annotations\6.0.6.Final\hibernate-commons-annotations-6.0.6.Final.jar;C:\Users\danielc\.m2\repository\io\smallrye\jandex\3.1.2\jandex-3.1.2.jar;C:\Users\danielc\.m2\repository\com\fasterxml\classmate\1.7.0\classmate-1.7.0.jar;C:\Users\danielc\.m2\repository\net\bytebuddy\byte-buddy\1.14.18\byte-buddy-1.14.18.jar;C:\Users\danielc\.m2\repository\org\glassfish\jaxb\jaxb-runtime\4.0.5\jaxb-runtime-4.0.5.jar;C:\Users\danielc\.m2\repository\org\glassfish\jaxb\jaxb-core\4.0.5\jaxb-core-4.0.5.jar;C:\Users\danielc\.m2\repository\org\eclipse\angus\angus-activation\2.0.2\angus-activation-2.0.2.jar;C:\Users\danielc\.m2\repository\org\glassfish\jaxb\txw2\4.0.5\txw2-4.0.5.jar;C:\Users\danielc\.m2\repository\com\sun\istack\istack-commons-runtime\4.1.2\istack-commons-runtime-4.1.2.jar;C:\Users\danielc\.m2\repository\jakarta\inject\jakarta.inject-api\2.0.1\jakarta.inject-api-2.0.1.jar;C:\Users\danielc\.m2\repository\org\antlr\antlr4-runtime\4.13.0\antlr4-runtime-4.13.0.jar;C:\Users\danielc\.m2\repository\org\springframework\data\spring-data-jpa\3.3.2\spring-data-jpa-3.3.2.jar;C:\Users\danielc\.m2\repository\org\springframework\data\spring-data-commons\3.3.2\spring-data-commons-3.3.2.jar;C:\Users\danielc\.m2\repository\org\springframework\spring-orm\6.1.11\spring-orm-6.1.11.jar;C:\Users\danielc\.m2\repository\org\springframework\spring-context\6.1.11\spring-context-6.1.11.jar;C:\Users\danielc\.m2\repository\org\springframework\spring-tx\6.1.11\spring-tx-6.1.11.jar;C:\Users\danielc\.m2\repository\org\springframework\spring-beans\6.1.11\spring-beans-6.1.11.jar;C:\Users\danielc\.m2\repository\org\slf4j\slf4j-api\2.0.13\slf4j-api-2.0.13.jar;C:\Users\danielc\.m2\repository\org\springframework\spring-aspects\6.1.11\spring-aspects-6.1.11.jar;C:\Users\danielc\.m2\repository\org\springframework\boot\spring-boot-starter-validation\3.3.2\spring-boot-starter-validation-3.3.2.jar;C:\Users\danielc\.m2\repository\org\apache\tomcat\embed\tomcat-embed-el\10.1.26\tomcat-embed-el-10.1.26.jar;C:\Users\danielc\.m2\repository\org\hibernate\validator\hibernate-validator\8.0.1.Final\hibernate-validator-8.0.1.Final.jar;C:\Users\danielc\.m2\repository\jakarta\validation\jakarta.validation-api\3.0.2\jakarta.validation-api-3.0.2.jar;C:\Users\danielc\.m2\repository\org\springframework\boot\spring-boot-starter-web\3.3.2\spring-boot-starter-web-3.3.2.jar;C:\Users\danielc\.m2\repository\org\springframework\boot\spring-boot-starter-json\3.3.2\spring-boot-starter-json-3.3.2.jar;C:\Users\danielc\.m2\repository\com\fasterxml\jackson\datatype\jackson-datatype-jdk8\2.17.2\jackson-datatype-jdk8-2.17.2.jar;C:\Users\danielc\.m2\repository\com\fasterxml\jackson\module\jackson-module-parameter-names\2.17.2\jackson-module-parameter-names-2.17.2.jar;C:\Users\danielc\.m2\repository\org\springframework\boot\spring-boot-starter-tomcat\3.3.2\spring-boot-starter-tomcat-3.3.2.jar;C:\Users\danielc\.m2\repository\org\apache\tomcat\embed\tomcat-embed-core\10.1.26\tomcat-embed-core-10.1.26.jar;C:\Users\danielc\.m2\repository\org\apache\tomcat\embed\tomcat-embed-websocket\10.1.26\tomcat-embed-websocket-10.1.26.jar;C:\Users\danielc\.m2\repository\org\springframework\spring-web\6.1.11\spring-web-6.1.11.jar;C:\Users\danielc\.m2\repository\org\springframework\spring-webmvc\6.1.11\spring-webmvc-6.1.11.jar;C:\Users\danielc\.m2\repository\org\springframework\spring-expression\6.1.11\spring-expression-6.1.11.jar;C:\Users\danielc\.m2\repository\org\springframework\cloud\spring-cloud-starter-config\4.1.3\spring-cloud-starter-config-4.1.3.jar;C:\Users\danielc\.m2\repository\org\springframework\cloud\spring-cloud-starter\4.1.4\spring-cloud-starter-4.1.4.jar;C:\Users\danielc\.m2\repository\org\springframework\cloud\spring-cloud-context\4.1.4\spring-cloud-context-4.1.4.jar;C:\Users\danielc\.m2\repository\org\springframework\security\spring-security-crypto\6.3.1\spring-security-crypto-6.3.1.jar;C:\Users\danielc\.m2\repository\org\springframework\cloud\spring-cloud-commons\4.1.4\spring-cloud-commons-4.1.4.jar;C:\Users\danielc\.m2\repository\org\springframework\security\spring-security-rsa\1.1.3\spring-security-rsa-1.1.3.jar;C:\Users\danielc\.m2\repository\org\bouncycastle\bcprov-jdk18on\1.78\bcprov-jdk18on-1.78.jar;C:\Users\danielc\.m2\repository\org\springframework\cloud\spring-cloud-config-client\4.1.3\spring-cloud-config-client-4.1.3.jar;C:\Users\danielc\.m2\repository\com\fasterxml\jackson\core\jackson-annotations\2.17.2\jackson-annotations-2.17.2.jar;C:\Users\danielc\.m2\repository\org\apache\httpcomponents\client5\httpclient5\5.3.1\httpclient5-5.3.1.jar;C:\Users\danielc\.m2\repository\org\apache\httpcomponents\core5\httpcore5\5.2.5\httpcore5-5.2.5.jar;C:\Users\danielc\.m2\repository\org\apache\httpcomponents\core5\httpcore5-h2\5.2.5\httpcore5-h2-5.2.5.jar;C:\Users\danielc\.m2\repository\com\fasterxml\jackson\core\jackson-databind\2.17.2\jackson-databind-2.17.2.jar;C:\Users\danielc\.m2\repository\com\fasterxml\jackson\core\jackson-core\2.17.2\jackson-core-2.17.2.jar;C:\Users\danielc\.m2\repository\org\springframework\cloud\spring-cloud-starter-bus-amqp\4.1.2\spring-cloud-starter-bus-amqp-4.1.2.jar;C:\Users\danielc\.m2\repository\org\springframework\cloud\spring-cloud-starter-stream-rabbit\4.1.3\spring-cloud-starter-stream-rabbit-4.1.3.jar;C:\Users\danielc\.m2\repository\org\springframework\cloud\spring-cloud-stream-binder-rabbit\4.1.3\spring-cloud-stream-binder-rabbit-4.1.3.jar;C:\Users\danielc\.m2\repository\org\springframework\cloud\spring-cloud-stream-binder-rabbit-core\4.1.3\spring-cloud-stream-binder-rabbit-core-4.1.3.jar;C:\Users\danielc\.m2\repository\org\springframework\boot\spring-boot-starter-webflux\3.3.2\spring-boot-starter-webflux-3.3.2.jar;C:\Users\danielc\.m2\repository\org\springframework\boot\spring-boot-starter-reactor-netty\3.3.2\spring-boot-starter-reactor-netty-3.3.2.jar;C:\Users\danielc\.m2\repository\org\springframework\spring-webflux\6.1.11\spring-webflux-6.1.11.jar;C:\Users\danielc\.m2\repository\io\projectreactor\netty\reactor-netty\1.1.21\reactor-netty-1.1.21.jar;C:\Users\danielc\.m2\repository\io\projectreactor\netty\reactor-netty-core\1.1.21\reactor-netty-core-1.1.21.jar;C:\Users\danielc\.m2\repository\io\netty\netty-handler\4.1.111.Final\netty-handler-4.1.111.Final.jar;C:\Users\danielc\.m2\repository\io\netty\netty-common\4.1.111.Final\netty-common-4.1.111.Final.jar;C:\Users\danielc\.m2\repository\io\netty\netty-resolver\4.1.111.Final\netty-resolver-4.1.111.Final.jar;C:\Users\danielc\.m2\repository\io\netty\netty-buffer\4.1.111.Final\netty-buffer-4.1.111.Final.jar;C:\Users\danielc\.m2\repository\io\netty\netty-transport\4.1.111.Final\netty-transport-4.1.111.Final.jar;C:\Users\danielc\.m2\repository\io\netty\netty-transport-native-unix-common\4.1.111.Final\netty-transport-native-unix-common-4.1.111.Final.jar;C:\Users\danielc\.m2\repository\io\netty\netty-codec\4.1.111.Final\netty-codec-4.1.111.Final.jar;C:\Users\danielc\.m2\repository\io\netty\netty-handler-proxy\4.1.111.Final\netty-handler-proxy-4.1.111.Final.jar;C:\Users\danielc\.m2\repository\io\netty\netty-codec-socks\4.1.111.Final\netty-codec-socks-4.1.111.Final.jar;C:\Users\danielc\.m2\repository\io\netty\netty-resolver-dns\4.1.111.Final\netty-resolver-dns-4.1.111.Final.jar;C:\Users\danielc\.m2\repository\io\netty\netty-codec-dns\4.1.111.Final\netty-codec-dns-4.1.111.Final.jar;C:\Users\danielc\.m2\repository\io\netty\netty-resolver-dns-native-macos\4.1.111.Final\netty-resolver-dns-native-macos-4.1.111.Final-osx-x86_64.jar;C:\Users\danielc\.m2\repository\io\netty\netty-resolver-dns-classes-macos\4.1.111.Final\netty-resolver-dns-classes-macos-4.1.111.Final.jar;C:\Users\danielc\.m2\repository\io\netty\netty-transport-native-epoll\4.1.111.Final\netty-transport-native-epoll-4.1.111.Final-linux-x86_64.jar;C:\Users\danielc\.m2\repository\io\netty\netty-transport-classes-epoll\4.1.111.Final\netty-transport-classes-epoll-4.1.111.Final.jar;C:\Users\danielc\.m2\repository\io\projectreactor\netty\reactor-netty-http\1.1.21\reactor-netty-http-1.1.21.jar;C:\Users\danielc\.m2\repository\io\netty\netty-codec-http\4.1.111.Final\netty-codec-http-4.1.111.Final.jar;C:\Users\danielc\.m2\repository\io\netty\netty-codec-http2\4.1.111.Final\netty-codec-http2-4.1.111.Final.jar;C:\Users\danielc\.m2\repository\io\projectreactor\netty\incubator\reactor-netty-incubator-quic\0.1.21\reactor-netty-incubator-quic-0.1.21.jar;C:\Users\danielc\.m2\repository\io\netty\incubator\netty-incubator-codec-native-quic\0.0.65.Final\netty-incubator-codec-native-quic-0.0.65.Final-linux-x86_64.jar;C:\Users\danielc\.m2\repository\io\netty\incubator\netty-incubator-codec-classes-quic\0.0.65.Final\netty-incubator-codec-classes-quic-0.0.65.Final.jar;C:\Users\danielc\.m2\repository\org\springframework\cloud\spring-cloud-stream\4.1.3\spring-cloud-stream-4.1.3.jar;C:\Users\danielc\.m2\repository\org\springframework\cloud\spring-cloud-function-context\4.1.3\spring-cloud-function-context-4.1.3.jar;C:\Users\danielc\.m2\repository\net\jodah\typetools\0.6.2\typetools-0.6.2.jar;C:\Users\danielc\.m2\repository\org\springframework\cloud\spring-cloud-function-core\4.1.3\spring-cloud-function-core-4.1.3.jar;C:\Users\danielc\.m2\repository\org\json\json\20240303\json-20240303.jar;C:\Users\danielc\.m2\repository\org\jetbrains\kotlin\kotlin-stdlib-jdk8\1.9.24\kotlin-stdlib-jdk8-1.9.24.jar;C:\Users\danielc\.m2\repository\org\jetbrains\kotlin\kotlin-stdlib\1.9.24\kotlin-stdlib-1.9.24.jar;C:\Users\danielc\.m2\repository\org\jetbrains\annotations\13.0\annotations-13.0.jar;C:\Users\danielc\.m2\repository\org\jetbrains\kotlin\kotlin-stdlib-jdk7\1.9.24\kotlin-stdlib-jdk7-1.9.24.jar;C:\Users\danielc\.m2\repository\org\springframework\boot\spring-boot-starter-amqp\3.3.2\spring-boot-starter-amqp-3.3.2.jar;C:\Users\danielc\.m2\repository\org\springframework\amqp\spring-rabbit\3.1.6\spring-rabbit-3.1.6.jar;C:\Users\danielc\.m2\repository\org\springframework\amqp\spring-amqp\3.1.6\spring-amqp-3.1.6.jar;C:\Users\danielc\.m2\repository\com\rabbitmq\amqp-client\5.21.0\amqp-client-5.21.0.jar;C:\Users\danielc\.m2\repository\org\springframework\integration\spring-integration-amqp\6.3.2\spring-integration-amqp-6.3.2.jar;C:\Users\danielc\.m2\repository\org\springframework\integration\spring-integration-jmx\6.3.2\spring-integration-jmx-6.3.2.jar;C:\Users\danielc\.m2\repository\org\apache\httpcomponents\httpclient\4.5.14\httpclient-4.5.14.jar;C:\Users\danielc\.m2\repository\org\apache\httpcomponents\httpcore\4.4.16\httpcore-4.4.16.jar;C:\Users\danielc\.m2\repository\commons-logging\commons-logging\1.2\commons-logging-1.2.jar;C:\Users\danielc\.m2\repository\commons-codec\commons-codec\1.16.1\commons-codec-1.16.1.jar;C:\Users\danielc\.m2\repository\org\springframework\cloud\spring-cloud-bus\4.1.2\spring-cloud-bus-4.1.2.jar;C:\Users\danielc\.m2\repository\org\springframework\integration\spring-integration-core\6.3.2\spring-integration-core-6.3.2.jar;C:\Users\danielc\.m2\repository\org\springframework\spring-messaging\6.1.11\spring-messaging-6.1.11.jar;C:\Users\danielc\.m2\repository\org\springframework\retry\spring-retry\2.0.7\spring-retry-2.0.7.jar;C:\Users\danielc\.m2\repository\io\projectreactor\reactor-core\3.6.8\reactor-core-3.6.8.jar;C:\Users\danielc\.m2\repository\org\reactivestreams\reactive-streams\1.0.4\reactive-streams-1.0.4.jar;C:\Users\danielc\.m2\repository\org\springframework\boot\spring-boot-devtools\3.3.2\spring-boot-devtools-3.3.2.jar;C:\Users\danielc\.m2\repository\org\springframework\boot\spring-boot\3.3.2\spring-boot-3.3.2.jar;C:\Users\danielc\.m2\repository\org\springframework\boot\spring-boot-autoconfigure\3.3.2\spring-boot-autoconfigure-3.3.2.jar;C:\Users\danielc\.m2\repository\com\h2database\h2\2.2.224\h2-2.2.224.jar;C:\Users\danielc\.m2\repository\org\projectlombok\lombok\1.18.34\lombok-1.18.34.jar;C:\Users\danielc\.m2\repository\org\springdoc\springdoc-openapi-starter-webmvc-ui\2.6.0\springdoc-openapi-starter-webmvc-ui-2.6.0.jar;C:\Users\danielc\.m2\repository\org\springdoc\springdoc-openapi-starter-webmvc-api\2.6.0\springdoc-openapi-starter-webmvc-api-2.6.0.jar;C:\Users\danielc\.m2\repository\org\springdoc\springdoc-openapi-starter-common\2.6.0\springdoc-openapi-starter-common-2.6.0.jar;C:\Users\danielc\.m2\repository\io\swagger\core\v3\swagger-core-jakarta\2.2.22\swagger-core-jakarta-2.2.22.jar;C:\Users\danielc\.m2\repository\org\apache\commons\commons-lang3\3.14.0\commons-lang3-3.14.0.jar;C:\Users\danielc\.m2\repository\io\swagger\core\v3\swagger-annotations-jakarta\2.2.22\swagger-annotations-jakarta-2.2.22.jar;C:\Users\danielc\.m2\repository\io\swagger\core\v3\swagger-models-jakarta\2.2.22\swagger-models-jakarta-2.2.22.jar;C:\Users\danielc\.m2\repository\com\fasterxml\jackson\dataformat\jackson-dataformat-yaml\2.17.2\jackson-dataformat-yaml-2.17.2.jar;C:\Users\danielc\.m2\repository\org\webjars\swagger-ui\5.17.14\swagger-ui-5.17.14.jar;C:\Users\danielc\.m2\repository\jakarta\xml\bind\jakarta.xml.bind-api\4.0.2\jakarta.xml.bind-api-4.0.2.jar;C:\Users\danielc\.m2\repository\jakarta\activation\jakarta.activation-api\2.1.3\jakarta.activation-api-2.1.3.jar;C:\Users\danielc\.m2\repository\org\springframework\spring-core\6.1.11\spring-core-6.1.11.jar;C:\Users\danielc\.m2\repository\org\springframework\spring-jcl\6.1.11\spring-jcl-6.1.11.jar
Launcher Type: SUN_STANDARD

[Global flags]
     intx CICompilerCount                          = 15                                        {product} {ergonomic}
     uint ConcGCThreads                            = 6                                         {product} {ergonomic}
     uint G1ConcRefinementThreads                  = 23                                        {product} {ergonomic}
   size_t G1HeapRegionSize                         = 8388608                                   {product} {ergonomic}
    uintx GCDrainStackTargetSize                   = 64                                        {product} {ergonomic}
   size_t InitialHeapSize                          = 1073741824                                {product} {ergonomic}
   size_t MarkStackSize                            = 4194304                                   {product} {ergonomic}
   size_t MaxHeapSize                              = 17112760320                               {product} {ergonomic}
   size_t MaxNewSize                               = 10267656192                               {product} {ergonomic}
   size_t MinHeapDeltaBytes                        = 8388608                                   {product} {ergonomic}
   size_t MinHeapSize                              = 8388608                                   {product} {ergonomic}
    uintx NonNMethodCodeHeapSize                   = 8192380                                {pd product} {ergonomic}
    uintx NonProfiledCodeHeapSize                  = 121732930                              {pd product} {ergonomic}
    uintx ProfiledCodeHeapSize                     = 121732930                              {pd product} {ergonomic}
    uintx ReservedCodeCacheSize                    = 251658240                              {pd product} {ergonomic}
     bool SegmentedCodeCache                       = true                                      {product} {ergonomic}
   size_t SoftMaxHeapSize                          = 17112760320                            {manageable} {ergonomic}
     bool UseCompressedOops                        = true                           {product lp64_product} {ergonomic}
     bool UseG1GC                                  = true                                      {product} {ergonomic}
     bool UseLargePagesIndividualAllocation        = false                                  {pd product} {ergonomic}

Logging:
Log output configuration:
 #0: stdout all=warning uptime,level,tags foldmultilines=false
 #1: stderr all=off uptime,level,tags foldmultilines=false

Environment Variables:
PATH=C:\Windows\system32;C:\Windows;C:\Windows\System32\Wbem;C:\Windows\System32\WindowsPowerShell\v1.0\;C:\Windows\System32\OpenSSH\;C:\Program Files\dotnet\;C:\Program Files\NVIDIA Corporation\NVIDIA NvDLISR;C:\Program Files (x86)\NVIDIA Corporation\PhysX\Common;C:\Program Files\Git\cmd;C:\Users\danielc\AppData\Local\Microsoft\WindowsApps;
USERNAME=danielc
OS=Windows_NT
PROCESSOR_IDENTIFIER=Intel64 Family 6 Model 183 Stepping 1, GenuineIntel
TMP=C:\Users\danielc\AppData\Local\Temp
TEMP=C:\Users\danielc\AppData\Local\Temp




Periodic native trim disabled

---------------  S Y S T E M  ---------------

OS:
 Windows 10 , 64 bit Build 19041 (10.0.19041.4717)
OS uptime: 0 days 2:53 hours

CPU: total 32 (initial active 32) (32 cores per cpu, 1 threads per core) family 6 model 183 stepping 1 microcode 0x123, cx8, cmov, fxsr, mmx, 3dnowpref, sse, sse2, sse3, ssse3, sse4.1, sse4.2, popcnt, lzcnt, tsc, tscinvbit, avx, avx2, aes, erms, clmul, bmi1, bmi2, adx, sha, fma, vzeroupper, clflush, clflushopt, clwb, serialize, rdtscp, rdpid, fsrm, f16c, pku, cet_ibt, cet_ss
Processor Information for all 32 processors :
  Max Mhz: 3200, Current Mhz: 3200, Mhz Limit: 3200

Memory: 4k page, system-wide physical 65276M (48732M free)
TotalPageFile size 75004M (AvailPageFile size 49225M)
current process WorkingSet (physical memory assigned to process): 183M, peak: 212M
current process commit charge ("private bytes"): 291M, peak: 1253M

vm_info: OpenJDK 64-Bit Server VM (21.0.4+7-LTS) for windows-amd64 JRE (21.0.4+7-LTS), built on 2024-07-16T00:00:00Z by "admin" with MS VC++ 17.7 (VS2022)

END.
